# Xilinx CORE Generator 6.1.03i
# User = ee-student
Initializing default project...
Loading plug-ins...
All runtime messages will be recorded in D:\EGCP381\Lab2\Lab2\coregen.log
# busformat=BusFormatAngleBracketNotRipped
# designflow=VHDL
# expandedprojectpath=D:\EGCP381\Lab2\Lab2
# flowvendor=Foundation_iSE
# formalverification=None
# simulationoutputproducts=VHDL
# xilinxfamily=Virtex2
# outputoption=DesignFlow
# overwritefiles=Default
# simvendor=ModelSim
# expandedprojectpath=D:\EGCP381\Lab2\Lab2
SETPROJECT .
Set current Project to D:\EGCP381\Lab2\Lab2
SET BusFormat = BusFormatAngleBracketNotRipped
SETXIPCPORTHOST 9976
XIPCPJSENDCORES spartan3
