#-----------------------------------------------------------
# Vivado v2019.1 (64-bit)
# SW Build 2552052 on Fri May 24 14:49:42 MDT 2019
# IP Build 2548770 on Fri May 24 18:01:18 MDT 2019
# Start of session at: Tue Nov  5 16:34:27 2019
# Process ID: 2040
# Current directory: E:/EGCP447/Assignment2/project_1
# Command line: vivado.exe -gui_launcher_event rodinguilauncherevent2088 E:\EGCP447\Assignment2\project_1\project_1.xpr
# Log file: E:/EGCP447/Assignment2/project_1/vivado.log
# Journal file: E:/EGCP447/Assignment2/project_1\vivado.jou
#-----------------------------------------------------------
start_gui
open_project -part xc7a12ticsg325-1L E:/EGCP447/Assignment2/project_1/project_1.xpr
Scanning sources...
Finished scanning sources
INFO: [Project 1-573] Overriding 'synth_1' run's part, 'xc7k70tfbv676-1', with new part: 'xc7a12ticsg325-1L'.
INFO: [Project 1-573] Overriding 'impl_1' run's part, 'xc7k70tfbv676-1', with new part: 'xc7a12ticsg325-1L'.
INFO: [Project 1-563] Overriding project part, 'xc7k70tfbv676-1', with new part: 'xc7a12ticsg325-1L'.
INFO: [IP_Flow 19-234] Refreshing IP repositories
INFO: [IP_Flow 19-1704] No user IP repositories specified
INFO: [IP_Flow 19-2313] Loaded Vivado IP repository 'C:/Xilinx/Vivado/2019.1/data/ip'.
open_project: Time (s): cpu = 00:00:11 ; elapsed = 00:00:07 . Memory (MB): peak = 685.254 ; gain = 94.445
update_compile_order -fileset sources_1
exit
INFO: [Common 17-206] Exiting Vivado at Tue Nov  5 16:56:32 2019...
