Release 6.1.03i Map G.26
Xilinx Mapping Report File for Design 'pong_top_an'

Design Information
------------------
Command Line   : C:/XilinxISE6/bin/nt/map.exe -intstyle ise -p xc3s200-ft256-4
-cm area -pr b -k 4 -c 100 -tx off -o pong_top_an_map.ncd pong_top_an.ngd
pong_top_an.pcf 
Target Device  : x3s200
Target Package : ft256
Target Speed   : -4
Mapper Version : spartan3 -- $Revision: 1.16 $
Mapped Date    : Thu Nov 21 17:23:43 2019

Design Summary
--------------
Number of errors:      0
Number of warnings:   17
Logic Utilization:
  Number of Slice Flip Flops:         193 out of   3,840    5%
  Number of 4 input LUTs:             924 out of   3,840   24%
Logic Distribution:
  Number of occupied Slices:                          624 out of   1,920   32%
    Number of Slices containing only related logic:     624 out of     624  100%
    Number of Slices containing unrelated logic:          0 out of     624    0%
      *See NOTES below for an explanation of the effects of unrelated logic
Total Number 4 input LUTs:          1,027 out of   3,840   26%
  Number used as logic:                924
  Number used as a route-thru:         103
  Number of bonded IOBs:               21 out of     173   12%
    IOB Flip Flops:                     5
  Number of GCLKs:                     1 out of       8   12%

Total equivalent gate count for design:  10,053
Additional JTAG gate count for IOBs:  1,008
Peak Memory Usage:  136 MB

NOTES:

   Related logic is defined as being logic that shares connectivity -
   e.g. two LUTs are "related" if they share common inputs.
   When assembling slices, Map gives priority to combine logic that
   is related.  Doing so results in the best timing performance.

   Unrelated logic shares no connectivity.  Map will only begin
   packing unrelated logic into a slice once 99% of the slices are
   occupied through related logic packing.

   Note that once logic distribution reaches the 99% level through
   related logic packing, this does not mean the device is completely
   utilized.  Unrelated logic packing will then begin, continuing until
   all usable LUTs and FFs are occupied.  Depending on your timing
   budget, increased levels of unrelated logic packing may adversely
   affect the overall timing performance of your design.


Table of Contents
-----------------
Section 1 - Errors
Section 2 - Warnings
Section 3 - Informational
Section 4 - Removed Logic Summary
Section 5 - Removed Logic
Section 6 - IOB Properties
Section 7 - RPMs
Section 8 - Guide Report
Section 9 - Area Group Summary
Section 10 - Modular Design Summary
Section 11 - Timing Report
Section 12 - Configuration String Information
Section 13 - Additional Device Resource Counts

Section 1 - Errors
------------------

Section 2 - Warnings
--------------------
WARNING:LIT:51 - Pin I1 of MUXF6 symbol
   "pong_graph_an_unit_Z8_Mmux_Eight_rom_bit_inst_mux_f7_17/MUXF6.I1/MUXF6"
   (output signal=pong_graph_an_unit_Z8_Mmux_Eight_rom_bit_inst_mux_f7_17/F6.I1)
   is not connected.
WARNING:LIT:51 - Pin I1 of MUXF6 symbol
   "pong_graph_an_unit_Z0_Mmux_Zero_rom_bit_inst_mux_f7_1/MUXF6.I1/MUXF6"
   (output signal=pong_graph_an_unit_Z0_Mmux_Zero_rom_bit_inst_mux_f7_1/F6.I1)
   is not connected.
WARNING:LIT:51 - Pin I1 of MUXF6 symbol
   "pong_graph_an_unit_Z0_Mmux_Zero_rom_bit_inst_mux_f7_0/MUXF6.I0/MUXF6"
   (output signal=pong_graph_an_unit_Z0_Mmux_Zero_rom_bit_inst_mux_f7_0/F6.I0)
   is not connected.
WARNING:LIT:51 - Pin I1 of MUXF6 symbol
   "pong_graph_an_unit_Z2_Mmux_Two_rom_bit_inst_mux_f7_5/MUXF6.I1/MUXF6" (output
   signal=pong_graph_an_unit_Z2_Mmux_Two_rom_bit_inst_mux_f7_5/F6.I1) is not
   connected.
WARNING:LIT:51 - Pin I1 of MUXF6 symbol
   "pong_graph_an_unit_Z2_Mmux_Two_rom_bit_inst_mux_f7_4/MUXF6.I0/MUXF6" (output
   signal=pong_graph_an_unit_Z2_Mmux_Two_rom_bit_inst_mux_f7_4/F6.I0) is not
   connected.
WARNING:LIT:51 - Pin I1 of MUXF6 symbol
   "pong_graph_an_unit_Z3_Mmux_Three_rom_bit_inst_mux_f7_6/MUXF6.I0/MUXF6"
   (output signal=pong_graph_an_unit_Z3_Mmux_Three_rom_bit_inst_mux_f7_6/F6.I0)
   is not connected.
WARNING:LIT:51 - Pin I1 of MUXF6 symbol
   "pong_graph_an_unit_Z3_Mmux_Three_rom_bit_inst_mux_f7_7/MUXF6.I1/MUXF6"
   (output signal=pong_graph_an_unit_Z3_Mmux_Three_rom_bit_inst_mux_f7_7/F6.I1)
   is not connected.
WARNING:LIT:51 - Pin I1 of MUXF6 symbol
   "pong_graph_an_unit_Z5_Mmux_Five_rom_bit_inst_mux_f7_11/MUXF6.I1/MUXF6"
   (output signal=pong_graph_an_unit_Z5_Mmux_Five_rom_bit_inst_mux_f7_11/F6.I1)
   is not connected.
WARNING:LIT:51 - Pin I1 of MUXF6 symbol
   "pong_graph_an_unit_Z5_Mmux_Five_rom_bit_inst_mux_f7_10/MUXF6.I0/MUXF6"
   (output signal=pong_graph_an_unit_Z5_Mmux_Five_rom_bit_inst_mux_f7_10/F6.I0)
   is not connected.
WARNING:LIT:51 - Pin I1 of MUXF6 symbol
   "pong_graph_an_unit_Z6_Mmux_Six_rom_bit_inst_mux_f7_12/MUXF6.I0/MUXF6"
   (output signal=pong_graph_an_unit_Z6_Mmux_Six_rom_bit_inst_mux_f7_12/F6.I0)
   is not connected.
WARNING:LIT:51 - Pin I1 of MUXF6 symbol
   "pong_graph_an_unit_Z6_Mmux_Six_rom_bit_inst_mux_f7_13/MUXF6.I1/MUXF6"
   (output signal=pong_graph_an_unit_Z6_Mmux_Six_rom_bit_inst_mux_f7_13/F6.I1)
   is not connected.
WARNING:LIT:51 - Pin I1 of MUXF6 symbol
   "pong_graph_an_unit_Z7_Mmux_Seven_rom_bit_inst_mux_f7_14/MUXF6.I0/MUXF6"
   (output signal=pong_graph_an_unit_Z7_Mmux_Seven_rom_bit_inst_mux_f7_14/F6.I0)
   is not connected.
WARNING:LIT:51 - Pin I1 of MUXF6 symbol
   "pong_graph_an_unit_Z8_Mmux_Eight_rom_bit_inst_mux_f7_16/MUXF6.I0/MUXF6"
   (output signal=pong_graph_an_unit_Z8_Mmux_Eight_rom_bit_inst_mux_f7_16/F6.I0)
   is not connected.
WARNING:LIT:51 - Pin I1 of MUXF6 symbol
   "pong_graph_an_unit_Z9_Mmux_Nine_rom_bit_inst_mux_f7_18/MUXF6.I0/MUXF6"
   (output signal=pong_graph_an_unit_Z9_Mmux_Nine_rom_bit_inst_mux_f7_18/F6.I0)
   is not connected.
WARNING:LIT:51 - Pin I1 of MUXF6 symbol
   "pong_graph_an_unit_Z9_Mmux_Nine_rom_bit_inst_mux_f7_19/MUXF6.I1/MUXF6"
   (output signal=pong_graph_an_unit_Z9_Mmux_Nine_rom_bit_inst_mux_f7_19/F6.I1)
   is not connected.
WARNING:LIT:53 - There are 15 pin connection warnings.
WARNING:Pack:266 - The function generator
   pong_graph_an_unit_Z0_Mmux_Zero_rom_bit_inst_lut3_61 failed to merge with F5
   multiplexer MUXF5.I0.    The design will exhibit suboptimal timing.

Section 3 - Informational
-------------------------
INFO:LIT:95 - All of the external outputs in this design are using slew rate
   limited output drivers. The delay on speed critical outputs can be
   dramatically reduced by designating them as fast outputs in the schematic.
INFO:MapLib:562 - No environment variables are currently set.
INFO:MapLib:535 - The following Virtex BUFG(s) is/are being retargetted to
   Virtex2 BUFGMUX(s) with input tied to I0 and Select pin tied to constant 0:
   BUFGP symbol "clk_BUFGP" (output signal=clk_BUFGP)
INFO:MapLib:159 - Net Timing constraints on signal clk are pushed forward
   through input buffer.

Section 4 - Removed Logic Summary
---------------------------------
   2 block(s) optimized away

Section 5 - Removed Logic
-------------------------

Optimized Block(s):
TYPE 		BLOCK
GND 		XST_GND
VCC 		XST_VCC

To enable printing of redundant blocks removed and signals merged, set the
detailed map report option and rerun map.

Section 6 - IOB Properties
--------------------------

+------------------------------------------------------------------------------------------------------------------------+
| IOB Name                           | Type    | Direction | IO Standard | Drive    | Slew | Reg (s)  | Resistor | IOB   |
|                                    |         |           |             | Strength | Rate |          |          | Delay |
+------------------------------------------------------------------------------------------------------------------------+
| An<0>                              | IOB     | OUTPUT    | LVCMOS25    | 12       | SLOW |          |          |       |
| An<1>                              | IOB     | OUTPUT    | LVCMOS25    | 12       | SLOW |          |          |       |
| An<2>                              | IOB     | OUTPUT    | LVCMOS25    | 12       | SLOW |          |          |       |
| An<3>                              | IOB     | OUTPUT    | LVCMOS25    | 12       | SLOW |          |          |       |
| Disp<0>                            | IOB     | OUTPUT    | LVCMOS25    | 12       | SLOW |          |          |       |
| Disp<1>                            | IOB     | OUTPUT    | LVCMOS25    | 12       | SLOW |          |          |       |
| Disp<2>                            | IOB     | OUTPUT    | LVCMOS25    | 12       | SLOW |          |          |       |
| Disp<3>                            | IOB     | OUTPUT    | LVCMOS25    | 12       | SLOW |          |          |       |
| Disp<4>                            | IOB     | OUTPUT    | LVCMOS25    | 12       | SLOW |          |          |       |
| Disp<5>                            | IOB     | OUTPUT    | LVCMOS25    | 12       | SLOW |          |          |       |
| Disp<6>                            | IOB     | OUTPUT    | LVCMOS25    | 12       | SLOW |          |          |       |
| Disp<7>                            | IOB     | OUTPUT    | LVCMOS25    | 12       | SLOW |          |          |       |
| btn<0>                             | IOB     | INPUT     | LVCMOS25    |          |      |          |          |       |
| btn<1>                             | IOB     | INPUT     | LVCMOS25    |          |      |          |          |       |
| clk                                | IOB     | INPUT     | LVCMOS25    |          |      |          |          |       |
| hsync                              | IOB     | OUTPUT    | LVCMOS25    | 12       | SLOW | OFF1     |          |       |
| reset                              | IOB     | INPUT     | LVCMOS25    |          |      |          |          |       |
| rgb<0>                             | IOB     | OUTPUT    | LVCMOS25    | 12       | SLOW | OFF1     |          |       |
| rgb<1>                             | IOB     | OUTPUT    | LVCMOS25    | 12       | SLOW | OFF1     |          |       |
| rgb<2>                             | IOB     | OUTPUT    | LVCMOS25    | 12       | SLOW | OFF1     |          |       |
| vsync                              | IOB     | OUTPUT    | LVCMOS25    | 12       | SLOW | OFF1     |          |       |
+------------------------------------------------------------------------------------------------------------------------+

Section 7 - RPMs
----------------

Section 8 - Guide Report
------------------------
Guide not run on this design.

Section 9 - Area Group Summary
------------------------------
No area groups were found in this design.

Section 10 - Modular Design Summary
-----------------------------------
Modular Design not used for this design.

Section 11 - Timing Report
--------------------------
This design was not run using timing mode.

Section 12 - Configuration String Details
-----------------------------------------
Use the "-detail" map option to print out Configuration Strings

Section 13 - Additional Device Resource Counts
----------------------------------------------
Number of JTAG Gates for IOBs = 21
Number of Equivalent Gates for Design = 10,053
Number of RPM Macros = 0
Number of Hard Macros = 0
DCIRESETs = 0
CAPTUREs = 0
BSCANs = 0
STARTUPs = 0
DCMs = 0
GCLKs = 1
ICAPs = 0
18X18 Multipliers = 0
Block RAMs = 0
Total Registers (Flops & Latches in Slices & IOBs) not driven by LUTs = 45
IOB Dual-Rate Flops not driven by LUTs = 0
IOB Dual-Rate Flops = 0
IOB Slave Pads = 0
IOB Master Pads = 0
IOB Latches not driven by LUTs = 0
IOB Latches = 0
IOB Flip Flops not driven by LUTs = 0
IOB Flip Flops = 5
Unbonded IOBs = 0
Bonded IOBs = 21
Shift Registers = 0
Static Shift Registers = 0
Dynamic Shift Registers = 0
16x1 ROMs = 0
16x1 RAMs = 0
32x1 RAMs = 0
Dual Port RAMs = 0
MUXFXs = 119
MULTANDs = 0
4 input LUTs used as Route-Thrus = 103
4 input LUTs = 924
Slice Latches not driven by LUTs = 0
Slice Latches = 0
Slice Flip Flops not driven by LUTs = 45
Slice Flip Flops = 193
SliceMs = 36
SliceLs = 588
Slices = 624
Number of LUT signals with 4 loads = 2
Number of LUT signals with 3 loads = 6
Number of LUT signals with 2 loads = 196
Number of LUT signals with 1 load = 702
NGM Average fanout of LUT = 1.52
NGM Maximum fanout of LUT = 94
NGM Average fanin for LUT = 2.4351
Number of LUT symbols = 924
Number of IPAD symbols = 4
Number of IBUF symbols = 4
