#
# A fatal error has been detected by the Java Runtime Environment:
#
#  EXCEPTION_ACCESS_VIOLATION (0xc0000005) at pc=0x000007fec14fdc20, pid=63508, tid=68292
#
# JRE version: Java(TM) SE Runtime Environment (8.0_45-b15) (build 1.8.0_45-b15)
# Java VM: Java HotSpot(TM) 64-Bit Server VM (25.45-b02 mixed mode windows-amd64 compressed oops)
# Problematic frame:
# C  0x000007fec14fdc20
#
# Failed to write core dump. Minidumps are not enabled by default on client versions of Windows
#
# If you would like to submit a bug report, please visit:
#   http://bugreport.java.com/bugreport/crash.jsp
# The crash happened outside the Java Virtual Machine in native code.
# See problematic frame for where to report the bug.
#

---------------  T H R E A D  ---------------

Current thread (0x000000002c663000):  JavaThread "Update Runs" [_thread_in_native, id=68292, stack(0x000000002d030000,0x000000002d530000)]

siginfo: ExceptionCode=0xc0000005, reading address 0x0000000000000028

Registers:
RAX=0x0000000000000001, RBX=0x0000000000000000, RCX=0x0000000000000000, RDX=0x000000002d52ea18
RSP=0x000000002d52ec98, RBP=0x000000002d52eda0, RSI=0x000000002c254400, RDI=0x0000000000000000
R8 =0x000000000a92f048, R9 =0x000007fedd194490, R10=0x0000000006dd1bfe, R11=0x000009b200e60016
R12=0x0000000000000009, R13=0x0000000000000009, R14=0x000000002c561480, R15=0x0000000005971cf0
RIP=0x000007fec14fdc20, EFLAGS=0x0000000000010202

Top of Stack: (sp=0x000000002d52ec98)
0x000000002d52ec98:   000007fec0e6e9a7 000000002c561480
0x000000002d52eca8:   000000002c250d40 0000000000000000
0x000000002d52ecb8:   000000002c250d40 59e79fd22d52f040
0x000000002d52ecc8:   000000000a917696 0000000006cc0020
0x000000002d52ecd8:   0000000000000040 0000000000000000
0x000000002d52ece8:   fffffffffffffffe 0000000022873e40
0x000000002d52ecf8:   000007fec1503c1d 0000000000000001
0x000000002d52ed08:   000000000a91808d 0000000001e80020
0x000000002d52ed18:   0000000000000040 59e7a03c00000000
0x000000002d52ed28:   fffffffffffffffe 0000000022873e40
0x000000002d52ed38:   000007fedd102394 0000000000000000
0x000000002d52ed48:   000007fedc777345 0000000000000040
0x000000002d52ed58:   0000000000000000 0000000000000000
0x000000002d52ed68:   000007fedd10afc0 fffffffffffffffe
0x000000002d52ed78:   000000002d52efa0 0000000000000000
0x000000002d52ed88:   0000000000000000 0000000000000035 

Instructions: (pc=0x000007fec14fdc20)
0x000007fec14fdc00:   33 cc e8 09 8c 01 00 48 8b 9c 24 90 00 00 00 48
0x000007fec14fdc10:   83 c4 60 5f 5e 5d c3 cc cc cc cc cc cc cc cc cc
0x000007fec14fdc20:   48 8b 41 28 c3 cc cc cc cc cc cc cc cc cc cc cc
0x000007fec14fdc30:   40 53 48 83 ec 20 48 8d 59 58 48 8b c2 48 8b d3 


Register to memory mapping:

RAX=0x0000000000000001 is an unknown value
RBX=0x0000000000000000 is an unknown value
RCX=0x0000000000000000 is an unknown value
RDX=0x000000002d52ea18 is pointing into the stack for thread: 0x000000002c663000
RSP=0x000000002d52ec98 is pointing into the stack for thread: 0x000000002c663000
RBP=0x000000002d52eda0 is pointing into the stack for thread: 0x000000002c663000
RSI=0x000000002c254400 is an unknown value
RDI=0x0000000000000000 is an unknown value
R8 =0x000000000a92f048 is an unknown value
R9 =0x000007fedd194490 is an unknown value
R10=0x0000000006dd1bfe is an unknown value
R11=0x000009b200e60016 is an unknown value
R12=0x0000000000000009 is an unknown value
R13=0x0000000000000009 is an unknown value
R14=0x000000002c561480 is an unknown value
R15=0x0000000005971cf0 is an unknown value


Stack: [0x000000002d030000,0x000000002d530000],  sp=0x000000002d52ec98,  free space=5115k
Native frames: (J=compiled Java code, j=interpreted, Vv=VM code, C=native code)
C  0x000007fec14fdc20

Java frames: (J=compiled Java code, j=interpreted, Vv=VM code)
J 12577  ui.project.projecti.ProjStateHelper_getBlingString(J)Ljava/lang/String; (0 bytes) @ 0x0000000012cc0601 [0x0000000012cc05c0+0x41]
J 12575 C1 ui.data.experiment.k.aMe()V (22 bytes) @ 0x0000000013debff4 [0x0000000013debde0+0x214]
j  ui.data.experiment.l.ct()Ljava/lang/Object;+53
j  ui.frmwork.D.run()V+23
j  java.lang.Thread.run()V+11
v  ~StubRoutines::call_stub

---------------  P R O C E S S  ---------------

Java Threads: ( => current thread )
  0x000000002b68b000 JavaThread "Resetting Runs" [_thread_in_native, id=71592, stack(0x0000000069440000,0x0000000069940000)]
  0x000000002b68d800 JavaThread "Image Fetcher 0" daemon [_thread_blocked, id=72016, stack(0x000000006d7c0000,0x000000006dcc0000)]
  0x000000002f385000 JavaThread "Monitor File Timestamp" [_thread_in_native, id=69608, stack(0x000000003b6d0000,0x000000003bbd0000)]
  0x000000003259b800 JavaThread "Monitor File Timestamp" [_thread_in_native, id=69496, stack(0x000000003b060000,0x000000003b560000)]
  0x000000002d5e8000 JavaThread "Refresh links" [_thread_blocked, id=69316, stack(0x0000000035c10000,0x0000000036110000)]
  0x000000002e209800 JavaThread "Refresh GTs" [_thread_blocked, id=69172, stack(0x0000000035670000,0x0000000035b70000)]
  0x000000002eeee000 JavaThread "Monitor File Timestamp" [_thread_blocked, id=69136, stack(0x0000000033ff0000,0x00000000344f0000)]
  0x0000000023bdf800 JavaThread "hw_ila_monitor" [_thread_blocked, id=67744, stack(0x000000002d6e0000,0x000000002dbe0000)]
=>0x000000002c663000 JavaThread "Update Runs" [_thread_in_native, id=68292, stack(0x000000002d030000,0x000000002d530000)]
  0x000000002c665800 JavaThread "Refresh Filesets" [_thread_blocked, id=68344, stack(0x000000002c850000,0x000000002cd50000)]
  0x00000000283ab800 JavaThread "Swing-Shell" daemon [_thread_blocked, id=67808, stack(0x0000000029350000,0x0000000029850000)]
  0x00000000280ef800 JavaThread "Monitor File Timestamp" [_thread_blocked, id=60084, stack(0x0000000028720000,0x0000000028c20000)]
  0x00000000229de000 JavaThread "AWT-EventQueue-1" [_thread_blocked, id=67724, stack(0x0000000025290000,0x0000000025790000)]
  0x00000000229df800 JavaThread "Process Messages" [_thread_blocked, id=68272, stack(0x0000000024cc0000,0x00000000251c0000)]
  0x0000000006cb2800 JavaThread "Thread-3" [_thread_in_native, id=68532, stack(0x00000000028c0000,0x0000000003cc0000)]
  0x0000000021a04000 JavaThread "AWT-EventQueue-0" [_thread_blocked, id=68284, stack(0x0000000024780000,0x0000000024c80000)]
  0x0000000021a05800 JavaThread "AWT-Windows" daemon [_thread_in_native, id=67596, stack(0x0000000024240000,0x0000000024740000)]
  0x00000000228bf800 JavaThread "AWT-Shutdown" [_thread_blocked, id=67556, stack(0x0000000023be0000,0x00000000240e0000)]
  0x00000000228a7000 JavaThread "Java2D Disposer" daemon [_thread_blocked, id=67736, stack(0x00000000235a0000,0x0000000023aa0000)]
  0x000000000492f800 JavaThread "TimerQueue" daemon [_thread_blocked, id=68476, stack(0x0000000021c00000,0x0000000022100000)]
  0x0000000008701800 JavaThread "Service Thread" daemon [_thread_blocked, id=66832, stack(0x0000000021460000,0x0000000021960000)]
  0x0000000009a86000 JavaThread "C1 CompilerThread3" daemon [_thread_blocked, id=63316, stack(0x0000000011a20000,0x0000000011b20000)]
  0x0000000009a87800 JavaThread "C2 CompilerThread2" daemon [_thread_blocked, id=67600, stack(0x0000000010f40000,0x0000000011040000)]
  0x0000000009a88800 JavaThread "C2 CompilerThread1" daemon [_thread_blocked, id=67460, stack(0x0000000011890000,0x0000000011990000)]
  0x0000000009a8a800 JavaThread "C2 CompilerThread0" daemon [_thread_blocked, id=67496, stack(0x0000000011680000,0x0000000011780000)]
  0x0000000009a8c000 JavaThread "Attach Listener" daemon [_thread_blocked, id=63752, stack(0x0000000011050000,0x0000000011550000)]
  0x0000000009a8d800 JavaThread "Signal Dispatcher" daemon [_thread_blocked, id=67856, stack(0x000000000a2d0000,0x000000000a7d0000)]
  0x00000000086fb000 JavaThread "Finalizer" daemon [_thread_blocked, id=67800, stack(0x0000000010a20000,0x0000000010f20000)]
  0x00000000086f1000 JavaThread "Reference Handler" daemon [_thread_blocked, id=67760, stack(0x0000000009dc0000,0x000000000a2c0000)]
  0x0000000006cd6000 JavaThread "main" [_thread_blocked, id=68352, stack(0x0000000006f00000,0x0000000007000000)]

Other Threads:
  0x0000000008681000 VMThread [stack: 0x0000000009bc0000,0x0000000009cc0000] [id=67784]
  0x0000000008700800 WatcherThread [stack: 0x0000000011bb0000,0x0000000011cb0000] [id=65956]

VM state:not at safepoint (normal execution)

VM Mutex/Monitor currently owned by a thread: None

Heap:
 PSYoungGen      total 56320K, used 27521K [0x00000007bc400000, 0x00000007c0000000, 0x00000007c0000000)
  eden space 50688K, 52% used [0x00000007bc400000,0x00000007bddf02b8,0x00000007bf580000)
  from space 5632K, 17% used [0x00000007bfa80000,0x00000007bfb70200,0x00000007c0000000)
  to   space 5120K, 0% used [0x00000007bf580000,0x00000007bf580000,0x00000007bfa80000)
 ParOldGen       total 127488K, used 89766K [0x0000000700000000, 0x0000000707c80000, 0x00000007bc400000)
  object space 127488K, 70% used [0x0000000700000000,0x00000007057a9b38,0x0000000707c80000)
 Metaspace       used 71196K, capacity 71577K, committed 72320K, reserved 1112064K
  class space    used 10408K, capacity 10506K, committed 10624K, reserved 1048576K

Card table byte_map: [0x00000000073c0000,0x00000000079d0000] byte_map_base: 0x0000000003bc0000

Marking Bits: (ParMarkBitMap*) 0x000000006eb44040
 Begin Bits: [0x000000000a990000, 0x000000000d990000)
 End Bits:   [0x000000000d990000, 0x0000000010990000)

Polling page: 0x0000000000150000

CodeCache: size=245760Kb used=54803Kb max_used=54803Kb free=190956Kb
 bounds [0x0000000012270000, 0x0000000015860000, 0x0000000021270000]
 total_blobs=15309 nmethods=14390 adapters=822
 compilation: enabled

Compilation events (10 events):
Event: 2647.682 Thread 0x0000000009a86000 19374       1       java.util.Formatter::access$000 (5 bytes)
Event: 2647.682 Thread 0x0000000009a86000 nmethod 19374 0x000000001396d890 code [0x000000001396d9e0, 0x000000001396dad0]
Event: 2647.683 Thread 0x0000000009a86000 19375       3       ui.g.f.k.v::setModel (93 bytes)
Event: 2647.684 Thread 0x0000000009a86000 nmethod 19375 0x000000001481bd10 code [0x000000001481bfe0, 0x000000001481d418]
Event: 2647.684 Thread 0x0000000009a86000 19376       3       ui.g.f.k.v::d (45 bytes)
Event: 2647.684 Thread 0x0000000009a86000 nmethod 19376 0x000000001481fa10 code [0x000000001481fca0, 0x0000000014820d28]
Event: 2647.687 Thread 0x0000000009a86000 19377       3       com.jidesoft.chart.style.ChartStyle::setLinesVisible (6 bytes)
Event: 2647.687 Thread 0x0000000009a86000 nmethod 19377 0x000000001396d490 code [0x000000001396d5e0, 0x000000001396d730]
Event: 2647.687 Thread 0x0000000009a86000 19378       3       com.jidesoft.chart.style.PointStyle::<init> (17 bytes)
Event: 2647.687 Thread 0x0000000009a86000 nmethod 19378 0x0000000012f4d4d0 code [0x0000000012f4d640, 0x0000000012f4d890]

GC Heap History (10 events):
Event: 2643.681 GC heap before
{Heap before GC invocations=381 (full 15):
 PSYoungGen      total 55808K, used 50752K [0x00000007bc400000, 0x00000007c0000000, 0x00000007c0000000)
  eden space 50176K, 100% used [0x00000007bc400000,0x00000007bf500000,0x00000007bf500000)
  from space 5632K, 10% used [0x00000007bf500000,0x00000007bf590000,0x00000007bfa80000)
  to   space 5632K, 0% used [0x00000007bfa80000,0x00000007bfa80000,0x00000007c0000000)
 ParOldGen       total 127488K, used 89750K [0x0000000700000000, 0x0000000707c80000, 0x00000007bc400000)
  object space 127488K, 70% used [0x0000000700000000,0x00000007057a5b38,0x0000000707c80000)
 Metaspace       used 71184K, capacity 71577K, committed 72320K, reserved 1112064K
  class space    used 10408K, capacity 10506K, committed 10624K, reserved 1048576K
Event: 2643.684 GC heap after
Heap after GC invocations=381 (full 15):
 PSYoungGen      total 55808K, used 672K [0x00000007bc400000, 0x00000007c0000000, 0x00000007c0000000)
  eden space 50176K, 0% used [0x00000007bc400000,0x00000007bc400000,0x00000007bf500000)
  from space 5632K, 11% used [0x00000007bfa80000,0x00000007bfb28000,0x00000007c0000000)
  to   space 5632K, 0% used [0x00000007bf500000,0x00000007bf500000,0x00000007bfa80000)
 ParOldGen       total 127488K, used 89758K [0x0000000700000000, 0x0000000707c80000, 0x00000007bc400000)
  object space 127488K, 70% used [0x0000000700000000,0x00000007057a7b38,0x0000000707c80000)
 Metaspace       used 71184K, capacity 71577K, committed 72320K, reserved 1112064K
  class space    used 10408K, capacity 10506K, committed 10624K, reserved 1048576K
}
Event: 2644.634 GC heap before
{Heap before GC invocations=382 (full 15):
 PSYoungGen      total 55808K, used 50848K [0x00000007bc400000, 0x00000007c0000000, 0x00000007c0000000)
  eden space 50176K, 100% used [0x00000007bc400000,0x00000007bf500000,0x00000007bf500000)
  from space 5632K, 11% used [0x00000007bfa80000,0x00000007bfb28000,0x00000007c0000000)
  to   space 5632K, 0% used [0x00000007bf500000,0x00000007bf500000,0x00000007bfa80000)
 ParOldGen       total 127488K, used 89758K [0x0000000700000000, 0x0000000707c80000, 0x00000007bc400000)
  object space 127488K, 70% used [0x0000000700000000,0x00000007057a7b38,0x0000000707c80000)
 Metaspace       used 71184K, capacity 71577K, committed 72320K, reserved 1112064K
  class space    used 10408K, capacity 10506K, committed 10624K, reserved 1048576K
Event: 2644.637 GC heap after
Heap after GC invocations=382 (full 15):
 PSYoungGen      total 55808K, used 736K [0x00000007bc400000, 0x00000007c0000000, 0x00000007c0000000)
  eden space 50176K, 0% used [0x00000007bc400000,0x00000007bc400000,0x00000007bf500000)
  from space 5632K, 13% used [0x00000007bf500000,0x00000007bf5b8000,0x00000007bfa80000)
  to   space 5632K, 0% used [0x00000007bfa80000,0x00000007bfa80000,0x00000007c0000000)
 ParOldGen       total 127488K, used 89766K [0x0000000700000000, 0x0000000707c80000, 0x00000007bc400000)
  object space 127488K, 70% used [0x0000000700000000,0x00000007057a9b38,0x0000000707c80000)
 Metaspace       used 71184K, capacity 71577K, committed 72320K, reserved 1112064K
  class space    used 10408K, capacity 10506K, committed 10624K, reserved 1048576K
}
Event: 2645.358 GC heap before
{Heap before GC invocations=383 (full 15):
 PSYoungGen      total 55808K, used 50912K [0x00000007bc400000, 0x00000007c0000000, 0x00000007c0000000)
  eden space 50176K, 100% used [0x00000007bc400000,0x00000007bf500000,0x00000007bf500000)
  from space 5632K, 13% used [0x00000007bf500000,0x00000007bf5b8000,0x00000007bfa80000)
  to   space 5632K, 0% used [0x00000007bfa80000,0x00000007bfa80000,0x00000007c0000000)
 ParOldGen       total 127488K, used 89766K [0x0000000700000000, 0x0000000707c80000, 0x00000007bc400000)
  object space 127488K, 70% used [0x0000000700000000,0x00000007057a9b38,0x0000000707c80000)
 Metaspace       used 71186K, capacity 71577K, committed 72320K, reserved 1112064K
  class space    used 10408K, capacity 10506K, committed 10624K, reserved 1048576K
Event: 2645.361 GC heap after
Heap after GC invocations=383 (full 15):
 PSYoungGen      total 55808K, used 768K [0x00000007bc400000, 0x00000007c0000000, 0x00000007c0000000)
  eden space 50176K, 0% used [0x00000007bc400000,0x00000007bc400000,0x00000007bf500000)
  from space 5632K, 13% used [0x00000007bfa80000,0x00000007bfb40000,0x00000007c0000000)
  to   space 5632K, 0% used [0x00000007bf500000,0x00000007bf500000,0x00000007bfa80000)
 ParOldGen       total 127488K, used 89766K [0x0000000700000000, 0x0000000707c80000, 0x00000007bc400000)
  object space 127488K, 70% used [0x0000000700000000,0x00000007057a9b38,0x0000000707c80000)
 Metaspace       used 71186K, capacity 71577K, committed 72320K, reserved 1112064K
  class space    used 10408K, capacity 10506K, committed 10624K, reserved 1048576K
}
Event: 2645.623 GC heap before
{Heap before GC invocations=384 (full 15):
 PSYoungGen      total 55808K, used 50944K [0x00000007bc400000, 0x00000007c0000000, 0x00000007c0000000)
  eden space 50176K, 100% used [0x00000007bc400000,0x00000007bf500000,0x00000007bf500000)
  from space 5632K, 13% used [0x00000007bfa80000,0x00000007bfb40000,0x00000007c0000000)
  to   space 5632K, 0% used [0x00000007bf500000,0x00000007bf500000,0x00000007bfa80000)
 ParOldGen       total 127488K, used 89766K [0x0000000700000000, 0x0000000707c80000, 0x00000007bc400000)
  object space 127488K, 70% used [0x0000000700000000,0x00000007057a9b38,0x0000000707c80000)
 Metaspace       used 71186K, capacity 71577K, committed 72320K, reserved 1112064K
  class space    used 10408K, capacity 10506K, committed 10624K, reserved 1048576K
Event: 2645.626 GC heap after
Heap after GC invocations=384 (full 15):
 PSYoungGen      total 55808K, used 704K [0x00000007bc400000, 0x00000007c0000000, 0x00000007c0000000)
  eden space 50176K, 0% used [0x00000007bc400000,0x00000007bc400000,0x00000007bf500000)
  from space 5632K, 12% used [0x00000007bf500000,0x00000007bf5b0000,0x00000007bfa80000)
  to   space 5632K, 0% used [0x00000007bfa80000,0x00000007bfa80000,0x00000007c0000000)
 ParOldGen       total 127488K, used 89766K [0x0000000700000000, 0x0000000707c80000, 0x00000007bc400000)
  object space 127488K, 70% used [0x0000000700000000,0x00000007057a9b38,0x0000000707c80000)
 Metaspace       used 71186K, capacity 71577K, committed 72320K, reserved 1112064K
  class space    used 10408K, capacity 10506K, committed 10624K, reserved 1048576K
}
Event: 2647.302 GC heap before
{Heap before GC invocations=385 (full 15):
 PSYoungGen      total 55808K, used 50880K [0x00000007bc400000, 0x00000007c0000000, 0x00000007c0000000)
  eden space 50176K, 100% used [0x00000007bc400000,0x00000007bf500000,0x00000007bf500000)
  from space 5632K, 12% used [0x00000007bf500000,0x00000007bf5b0000,0x00000007bfa80000)
  to   space 5632K, 0% used [0x00000007bfa80000,0x00000007bfa80000,0x00000007c0000000)
 ParOldGen       total 127488K, used 89766K [0x0000000700000000, 0x0000000707c80000, 0x00000007bc400000)
  object space 127488K, 70% used [0x0000000700000000,0x00000007057a9b38,0x0000000707c80000)
 Metaspace       used 71187K, capacity 71577K, committed 72320K, reserved 1112064K
  class space    used 10408K, capacity 10506K, committed 10624K, reserved 1048576K
Event: 2647.305 GC heap after
Heap after GC invocations=385 (full 15):
 PSYoungGen      total 56320K, used 960K [0x00000007bc400000, 0x00000007c0000000, 0x00000007c0000000)
  eden space 50688K, 0% used [0x00000007bc400000,0x00000007bc400000,0x00000007bf580000)
  from space 5632K, 17% used [0x00000007bfa80000,0x00000007bfb70200,0x00000007c0000000)
  to   space 5120K, 0% used [0x00000007bf580000,0x00000007bf580000,0x00000007bfa80000)
 ParOldGen       total 127488K, used 89766K [0x0000000700000000, 0x0000000707c80000, 0x00000007bc400000)
  object space 127488K, 70% used [0x0000000700000000,0x00000007057a9b38,0x0000000707c80000)
 Metaspace       used 71187K, capacity 71577K, committed 72320K, reserved 1112064K
  class space    used 10408K, capacity 10506K, committed 10624K, reserved 1048576K
}

Deoptimization events (10 events):
Event: 2507.612 Thread 0x00000000229de000 Uncommon trap: reason=bimorphic action=maybe_recompile pc=0x00000000150b4838 method=java.awt.Component.dispatchEventImpl(Ljava/awt/AWTEvent;)V @ 506
Event: 2507.636 Thread 0x00000000229de000 Uncommon trap: reason=bimorphic action=maybe_recompile pc=0x00000000150b4838 method=java.awt.Component.dispatchEventImpl(Ljava/awt/AWTEvent;)V @ 506
Event: 2507.692 Thread 0x00000000229de000 Uncommon trap: reason=bimorphic action=maybe_recompile pc=0x00000000150b4838 method=java.awt.Component.dispatchEventImpl(Ljava/awt/AWTEvent;)V @ 506
Event: 2562.449 Thread 0x00000000229de000 Uncommon trap: reason=unstable_if action=reinterpret pc=0x0000000012d01f64 method=javax.swing.Autoscroller._stop(Ljavax/swing/JComponent;)V @ 4
Event: 2562.461 Thread 0x00000000229de000 Uncommon trap: reason=unstable_if action=reinterpret pc=0x000000001331d898 method=javax.swing.JComponent.processMouseMotionEvent(Ljava/awt/event/MouseEvent;)V @ 23
Event: 2562.912 Thread 0x00000000229de000 Uncommon trap: reason=unstable_if action=reinterpret pc=0x000000001324ac00 method=javax.swing.Autoscroller._stop(Ljavax/swing/JComponent;)V @ 4
Event: 2599.843 Thread 0x00000000229de000 Uncommon trap: reason=unstable_if action=reinterpret pc=0x0000000015153e60 method=javax.swing.text.GapContent.findMarkAdjustIndex(I)I @ 51
Event: 2600.524 Thread 0x00000000229de000 Uncommon trap: reason=unstable_if action=reinterpret pc=0x0000000013c173c0 method=javax.swing.text.GapContent.findMarkAdjustIndex(I)I @ 51
Event: 2641.527 Thread 0x00000000229de000 Uncommon trap: reason=bimorphic action=maybe_recompile pc=0x0000000014de2e98 method=javax.swing.DefaultButtonModel.setArmed(Z)V @ 33
Event: 2646.105 Thread 0x00000000229de000 Uncommon trap: reason=unstable_if action=reinterpret pc=0x0000000014493720 method=ui.g.k.x.ae.paintVerticalPartOfLeg(Ljava/awt/Graphics;Ljava/awt/Rectangle;Ljava/awt/Insets;Ljavax/swing/tree/TreePath;)V @ 84

Internal exceptions (10 events):
Event: 2602.048 Thread 0x00000000229de000 Exception <a 'java/io/FileNotFoundException'> (0x00000007bdaeb800) thrown at [C:\re\workspace\8-2-build-windows-amd64-cygwin\jdk8u45\3627\hotspot\src\share\vm\prims\jni.cpp, line 709]
Event: 2607.049 Thread 0x00000000229de000 Exception <a 'java/io/FileNotFoundException'> (0x00000007bdbf2a48) thrown at [C:\re\workspace\8-2-build-windows-amd64-cygwin\jdk8u45\3627\hotspot\src\share\vm\prims\jni.cpp, line 709]
Event: 2612.048 Thread 0x00000000229de000 Exception <a 'java/io/FileNotFoundException'> (0x00000007bdc6aba8) thrown at [C:\re\workspace\8-2-build-windows-amd64-cygwin\jdk8u45\3627\hotspot\src\share\vm\prims\jni.cpp, line 709]
Event: 2617.049 Thread 0x00000000229de000 Exception <a 'java/io/FileNotFoundException'> (0x00000007bdd1c5f8) thrown at [C:\re\workspace\8-2-build-windows-amd64-cygwin\jdk8u45\3627\hotspot\src\share\vm\prims\jni.cpp, line 709]
Event: 2622.049 Thread 0x00000000229de000 Exception <a 'java/io/FileNotFoundException'> (0x00000007bddd9498) thrown at [C:\re\workspace\8-2-build-windows-amd64-cygwin\jdk8u45\3627\hotspot\src\share\vm\prims\jni.cpp, line 709]
Event: 2627.050 Thread 0x00000000229de000 Exception <a 'java/io/FileNotFoundException'> (0x00000007bde61568) thrown at [C:\re\workspace\8-2-build-windows-amd64-cygwin\jdk8u45\3627\hotspot\src\share\vm\prims\jni.cpp, line 709]
Event: 2632.049 Thread 0x00000000229de000 Exception <a 'java/io/FileNotFoundException'> (0x00000007bdf24b50) thrown at [C:\re\workspace\8-2-build-windows-amd64-cygwin\jdk8u45\3627\hotspot\src\share\vm\prims\jni.cpp, line 709]
Event: 2637.050 Thread 0x00000000229de000 Exception <a 'java/io/FileNotFoundException'> (0x00000007bdf9f8e0) thrown at [C:\re\workspace\8-2-build-windows-amd64-cygwin\jdk8u45\3627\hotspot\src\share\vm\prims\jni.cpp, line 709]
Event: 2642.050 Thread 0x00000000229de000 Exception <a 'java/io/FileNotFoundException'> (0x00000007bed405d0) thrown at [C:\re\workspace\8-2-build-windows-amd64-cygwin\jdk8u45\3627\hotspot\src\share\vm\prims\jni.cpp, line 709]
Event: 2647.050 Thread 0x00000000229de000 Exception <a 'java/io/FileNotFoundException'> (0x00000007bf42e478) thrown at [C:\re\workspace\8-2-build-windows-amd64-cygwin\jdk8u45\3627\hotspot\src\share\vm\prims\jni.cpp, line 709]

Events (10 events):
Event: 2647.388 Executing VM operation: BulkRevokeBias done
Event: 2647.434 Thread 0x000000002b68b000 Thread added: 0x000000002b68b000
Event: 2647.434 Executing VM operation: RevokeBias
Event: 2647.434 Executing VM operation: RevokeBias done
Event: 2647.434 Executing VM operation: RevokeBias
Event: 2647.434 Executing VM operation: RevokeBias done
Event: 2647.435 Executing VM operation: RevokeBias
Event: 2647.435 Executing VM operation: RevokeBias done
Event: 2647.488 Executing VM operation: BulkRevokeBias
Event: 2647.488 Executing VM operation: BulkRevokeBias done


Dynamic libraries:
0x000000013fc60000 - 0x000000013fc90000 	C:\Xilinx\Vivado\2015.4\bin\unwrapped\win64.o\vivado.exe
0x00000000772a0000 - 0x000000007744a000 	C:\Windows\SYSTEM32\ntdll.dll
0x0000000077080000 - 0x000000007719f000 	C:\Windows\system32\kernel32.dll
0x000007fefd1c0000 - 0x000007fefd22a000 	C:\Windows\system32\KERNELBASE.dll
0x000000000a900000 - 0x000000000a98d000 	C:\Xilinx\Vivado\2015.4\lib\win64.o\SHSMP64.dll
0x00000000771a0000 - 0x000000007729a000 	C:\Windows\system32\USER32.dll
0x000007fefdc10000 - 0x000007fefdc77000 	C:\Windows\system32\GDI32.dll
0x000007fefe3d0000 - 0x000007fefe3de000 	C:\Windows\system32\LPK.dll
0x000007fefd350000 - 0x000007fefd41b000 	C:\Windows\system32\USP10.dll
0x000007fefd4a0000 - 0x000007fefd53f000 	C:\Windows\system32\msvcrt.dll
0x000007fefe3e0000 - 0x000007fefe4bb000 	C:\Windows\system32\ADVAPI32.dll
0x000007fefdcb0000 - 0x000007fefdccf000 	C:\Windows\SYSTEM32\sechost.dll
0x000007fefe6f0000 - 0x000007fefe81d000 	C:\Windows\system32\RPCRT4.dll
0x000007fefc170000 - 0x000007fefc17c000 	C:\Windows\system32\VERSION.dll
0x000007feee470000 - 0x000007feee483000 	C:\Xilinx\Vivado\2015.4\lib\win64.o\libboost_signals.dll
0x000007fedd1e0000 - 0x000007fedd287000 	C:\Windows\system32\MSVCP110.dll
0x000007fedd100000 - 0x000007fedd1d4000 	C:\Windows\system32\MSVCR110.dll
0x000007fedc770000 - 0x000007fedd0fd000 	C:\Xilinx\Vivado\2015.4\lib\win64.o\librdi_common.dll
0x000007fedc400000 - 0x000007fedc76e000 	C:\Xilinx\Vivado\2015.4\lib\win64.o\libCOIN-all.dll
0x000007fedc1e0000 - 0x000007fedc3fe000 	C:\Xilinx\Vivado\2015.4\lib\win64.o\libXil_lmgr11.dll
0x000007fefadd0000 - 0x000007fefade6000 	C:\Windows\system32\NETAPI32.dll
0x000007fefc3b0000 - 0x000007fefc3bc000 	C:\Windows\system32\netutils.dll
0x000007fefca00000 - 0x000007fefca23000 	C:\Windows\system32\srvcli.dll
0x000007fefadb0000 - 0x000007fefadc5000 	C:\Windows\system32\wkscli.dll
0x000007fefe650000 - 0x000007fefe6e7000 	C:\Windows\system32\COMDLG32.dll
0x000007fefd420000 - 0x000007fefd491000 	C:\Windows\system32\SHLWAPI.dll
0x000007fef87c0000 - 0x000007fef8860000 	C:\Windows\WinSxS\amd64_microsoft.windows.common-controls_6595b64144ccf1df_5.82.7601.18837_none_a4d981ff711297b6\COMCTL32.dll
0x000007fefe820000 - 0x000007feff5aa000 	C:\Windows\system32\SHELL32.dll
0x000007feee450000 - 0x000007feee459000 	C:\Windows\system32\WSOCK32.dll
0x000007fefdb40000 - 0x000007fefdb8d000 	C:\Windows\system32\WS2_32.dll
0x000007fefe640000 - 0x000007fefe648000 	C:\Windows\system32\NSI.dll
0x000007fefe560000 - 0x000007fefe63a000 	C:\Windows\system32\OLEAUT32.dll
0x000007fefdfd0000 - 0x000007fefe1cc000 	C:\Windows\system32\ole32.dll
0x000007fefd140000 - 0x000007fefd17b000 	C:\Windows\system32\WINTRUST.dll
0x000007fefcfb0000 - 0x000007fefd11d000 	C:\Windows\system32\CRYPT32.dll
0x000007fefcfa0000 - 0x000007fefcfaf000 	C:\Windows\system32\MSASN1.dll
0x000007fefb040000 - 0x000007fefb050000 	C:\Xilinx\Vivado\2015.4\lib\win64.o\libboost_date_time.dll
0x000007feeb4b0000 - 0x000007feeb4d2000 	C:\Xilinx\Vivado\2015.4\lib\win64.o\libboost_filesystem.dll
0x000007fefadf0000 - 0x000007fefadf9000 	C:\Xilinx\Vivado\2015.4\lib\win64.o\libboost_system.dll
0x000007fee63d0000 - 0x000007fee6444000 	C:\Xilinx\Vivado\2015.4\lib\win64.o\libboost_program_options.dll
0x000007fedc0e0000 - 0x000007fedc1da000 	C:\Xilinx\Vivado\2015.4\lib\win64.o\libboost_regex.dll
0x000007feecce0000 - 0x000007feeccfd000 	C:\Xilinx\Vivado\2015.4\lib\win64.o\libboost_thread.dll
0x000007fefa660000 - 0x000007fefa66b000 	C:\Xilinx\Vivado\2015.4\lib\win64.o\libboost_chrono.dll
0x000007fefa2a0000 - 0x000007fefa2ab000 	C:\Xilinx\Vivado\2015.4\lib\win64.o\libboost_xilinx.dll
0x000007fedc060000 - 0x000007fedc0e0000 	C:\Xilinx\Vivado\2015.4\lib\win64.o\libhdlpsolve.dll
0x000007fedbfc0000 - 0x000007fedc05a000 	C:\Xilinx\Vivado\2015.4\lib\win64.o\libhdxml.dll
0x000007fedbb80000 - 0x000007fedbfb4e00 	C:\Xilinx\Vivado\2015.4\lib\win64.o\libisl_iostreams.dll
0x000007feec590000 - 0x000007feec5a6000 	C:\Xilinx\Vivado\2015.4\lib\win64.o\libboost_iostreams.dll
0x000007feeb480000 - 0x000007feeb4a3000 	C:\Xilinx\Vivado\2015.4\lib\win64.o\librdizlib.dll
0x000007fee9950000 - 0x000007fee9973000 	C:\Xilinx\Vivado\2015.4\lib\win64.o\libisl_iosutils.dll
0x000007fee9730000 - 0x000007fee975a000 	C:\Xilinx\Vivado\2015.4\lib\win64.o\libisl_sysinfo.dll
0x000000006e340000 - 0x000000006ebc3000 	C:\Xilinx\Vivado\2015.4\tps\win64\jre\bin\server\jvm.dll
0x000007fef8b90000 - 0x000007fef8bcb000 	C:\Windows\system32\WINMM.dll
0x0000000077470000 - 0x0000000077477000 	C:\Windows\system32\PSAPI.DLL
0x0000000070da0000 - 0x0000000070e72000 	C:\Windows\system32\MSVCR100.dll
0x000007feec500000 - 0x000007feec515000 	C:\Xilinx\Vivado\2015.4\lib\win64.o\pthreadVC2.dll
0x000007fee8d50000 - 0x000007fee8da4000 	C:\Xilinx\Vivado\2015.4\lib\win64.o\librdi_commonxillic.dll
0x000007fedba50000 - 0x000007fedbb80000 	C:\Xilinx\Vivado\2015.4\lib\win64.o\librdi_curl.dll
0x000007feebc70000 - 0x000007feebc88000 	C:\Xilinx\Vivado\2015.4\lib\win64.o\librdiconfig.dll
0x0000000071ed0000 - 0x0000000071ff7000 	C:\Xilinx\Vivado\2015.4\lib\win64.o\tcl85t.dll
0x0000000012000000 - 0x0000000012263000 	C:\Xilinx\Vivado\2015.4\lib\win64.o\xerces-c_3_1.dll
0x000007fefd810000 - 0x000007fefdb31000 	C:\Windows\system32\WININET.dll
0x000007fefd190000 - 0x000007fefd194000 	C:\Windows\system32\api-ms-win-downlevel-user32-l1-1-0.dll
0x000007fefd2d0000 - 0x000007fefd2d4000 	C:\Windows\system32\api-ms-win-downlevel-shlwapi-l1-1-0.dll
0x000007fefd340000 - 0x000007fefd344000 	C:\Windows\system32\api-ms-win-downlevel-version-l1-1-0.dll
0x000007fefd180000 - 0x000007fefd183000 	C:\Windows\system32\api-ms-win-downlevel-normaliz-l1-1-0.dll
0x0000000077460000 - 0x0000000077463000 	C:\Windows\system32\normaliz.DLL
0x000007fefd540000 - 0x000007fefd80b000 	C:\Windows\system32\iertutil.dll
0x000007fefd1a0000 - 0x000007fefd1a5000 	C:\Windows\system32\api-ms-win-downlevel-advapi32-l1-1-0.dll
0x000007fefd2e0000 - 0x000007fefd2fe000 	C:\Windows\system32\USERENV.dll
0x000007fefcf90000 - 0x000007fefcf9f000 	C:\Windows\system32\profapi.dll
0x000007fefaba0000 - 0x000007fefac11000 	C:\Windows\system32\WINHTTP.dll
0x000007fefaad0000 - 0x000007fefab35000 	C:\Windows\system32\webio.dll
0x000007fefdcd0000 - 0x000007fefde55000 	C:\Windows\system32\urlmon.dll
0x000007fefd1b0000 - 0x000007fefd1b4000 	C:\Windows\system32\api-ms-win-downlevel-ole32-l1-1-0.dll
0x000007fedba20000 - 0x000007fedba43000 	C:\Windows\system32\VCOMP110.DLL
0x000007fee8ed0000 - 0x000007fee8ee1000 	C:\Xilinx\Vivado\2015.4\lib\win64.o\librdi_commonmain.dll
0x000007fef9f40000 - 0x000007fef9f49000 	C:\Xilinx\Vivado\2015.4\lib\win64.o\librdi_commonversion.dll
0x000007fefdc80000 - 0x000007fefdcae000 	C:\Windows\system32\IMM32.DLL
0x000007fefde60000 - 0x000007fefdf69000 	C:\Windows\system32\MSCTF.dll
0x000007fedb600000 - 0x000007fedba19000 	C:\Xilinx\Vivado\2015.4\lib\win64.o\librdi_commontasks.dll
0x000007fed8ad0000 - 0x000007feda41e000 	C:\Xilinx\Vivado\2015.4\lib\win64.o\librdi_tcltasks.dll
0x000007fedb4c0000 - 0x000007fedb5fe000 	C:\Xilinx\Vivado\2015.4\lib\win64.o\librdi_board.dll
0x000007fedb460000 - 0x000007fedb4bd000 	C:\Xilinx\Vivado\2015.4\lib\win64.o\librdi_boarddep.dll
0x000007fed0930000 - 0x000007fed8ac1000 	C:\Xilinx\Vivado\2015.4\lib\win64.o\librdi_device.dll
0x000007fedb410000 - 0x000007fedb457000 	C:\Xilinx\Vivado\2015.4\lib\win64.o\libboost_serialization.dll
0x000007fedac00000 - 0x000007fedb40e000 	C:\Xilinx\Vivado\2015.4\lib\win64.o\libverific.dll
0x000007fedaa30000 - 0x000007fedabf2000 	C:\Xilinx\Vivado\2015.4\lib\win64.o\librdi_chipscope.dll
0x000007fed08c0000 - 0x000007fed0923000 	C:\Xilinx\Vivado\2015.4\lib\win64.o\liblmx6.0.dll
0x000007fecf730000 - 0x000007fed08be000 	C:\Xilinx\Vivado\2015.4\lib\win64.o\librdi_constraints.dll
0x000007fecf370000 - 0x000007fecf72d000 	C:\Xilinx\Vivado\2015.4\lib\win64.o\librdi_filemgmt.dll
0x000007fecef40000 - 0x000007fecf365000 	C:\Xilinx\Vivado\2015.4\lib\win64.o\librdi_netlist.dll
0x000007fecee20000 - 0x000007fecef38000 	C:\Xilinx\Vivado\2015.4\lib\win64.o\librdi_sio.dll
0x000007fece970000 - 0x000007fecee1d000 	C:\Xilinx\Vivado\2015.4\lib\win64.o\librdi_psta.dll
0x000007fecd030000 - 0x000007fece968000 	C:\Xilinx\Vivado\2015.4\lib\win64.o\librdi_coregen.dll
0x000007fecc960000 - 0x000007fecd023000 	C:\Xilinx\Vivado\2015.4\lib\win64.o\librdi_coregenipxact.dll
0x000007fec91e0000 - 0x000007fecc958000 	C:\Xilinx\Vivado\2015.4\lib\win64.o\librdi_designutils.dll
0x000007fec8f80000 - 0x000007fec91d5000 	C:\Xilinx\Vivado\2015.4\lib\win64.o\librdi_bitstream.dll
0x000007fec8a40000 - 0x000007fec8f80000 	C:\Xilinx\Vivado\2015.4\lib\win64.o\librdi_xdm.dll
0x000007fec8570000 - 0x000007fec8a3f000 	C:\Xilinx\Vivado\2015.4\lib\win64.o\librdi_drc.dll
0x000007fec7bb0000 - 0x000007fec8570000 	C:\Xilinx\Vivado\2015.4\lib\win64.o\librdi_timing.dll
0x000007fec79a0000 - 0x000007fec7ba8000 	C:\Xilinx\Vivado\2015.4\lib\win64.o\librdi_dlyest.dll
0x000007fec7900000 - 0x000007fec7997000 	C:\Xilinx\Vivado\2015.4\lib\win64.o\libise.dll
0x000007fec7890000 - 0x000007fec78f7000 	C:\Xilinx\Vivado\2015.4\lib\win64.o\librdi_containers.dll
0x000007fec77d0000 - 0x000007fec7887000 	C:\Xilinx\Vivado\2015.4\lib\win64.o\librdi_dsp.dll
0x000007fec7640000 - 0x000007fec77c1000 	C:\Xilinx\Vivado\2015.4\lib\win64.o\librdi_simdata.dll
0x000007fec72a0000 - 0x000007fec7631000 	C:\Xilinx\Vivado\2015.4\lib\win64.o\librdi_wavedata.dll
0x000007fec7210000 - 0x000007fec7292000 	C:\Xilinx\Vivado\2015.4\lib\win64.o\librdi_simbridge_kernel.dll
0x000007fec71d0000 - 0x000007fec7202000 	C:\Xilinx\Vivado\2015.4\lib\win64.o\librdi_wavedata_SimpleApi.dll
0x000007fec6fa0000 - 0x000007fec71cc000 	C:\Xilinx\Vivado\2015.4\lib\win64.o\librdi_guitools.dll
0x000007fec6a10000 - 0x000007fec6f9a000 	C:\Xilinx\Vivado\2015.4\lib\win64.o\librdi_memdata.dll
0x000007fec51f0000 - 0x000007fec6a0c000 	C:\Xilinx\Vivado\2015.4\lib\win64.o\librdi_place.dll
0x000007fec4c30000 - 0x000007fec51ec000 	C:\Xilinx\Vivado\2015.4\lib\win64.o\librdi_abc_nomp.dll
0x000007fec4c10000 - 0x000007fec4c29000 	C:\Xilinx\Vivado\2015.4\lib\win64.o\librdi_hmetis.dll
0x000007fec36f0000 - 0x000007fec4c01000 	C:\Xilinx\Vivado\2015.4\lib\win64.o\librdi_mig.dll
0x000007fec3190000 - 0x000007fec36ef000 	C:\Xilinx\Vivado\2015.4\lib\win64.o\librdi_power.dll
0x000007fec2f30000 - 0x000007fec3185000 	C:\Xilinx\Vivado\2015.4\lib\win64.o\librdi_ippcw.dll
0x000007fec2420000 - 0x000007fec2f24000 	C:\Xilinx\Vivado\2015.4\lib\win64.o\librdi_route.dll
0x000007fec2040000 - 0x000007fec241b000 	C:\Xilinx\Vivado\2015.4\lib\win64.o\librdi_project.dll
0x000007fec1a60000 - 0x000007fec2032000 	C:\Xilinx\Vivado\2015.4\lib\win64.o\librdi_labtools.dll
0x000007fec1a30000 - 0x000007fec1a58000 	C:\Xilinx\Vivado\2015.4\lib\win64.o\librdi_commoncwebtalk.dll
0x000007fec1820000 - 0x000007fec1a23000 	C:\Xilinx\Vivado\2015.4\lib\win64.o\librdi_xicom_hw.dll
0x000007fef9520000 - 0x000007fef9547000 	C:\Windows\system32\IPHLPAPI.DLL
0x000007fef9510000 - 0x000007fef951b000 	C:\Windows\system32\WINNSI.DLL
0x000007fec17e0000 - 0x000007fec1813000 	C:\Xilinx\Vivado\2015.4\lib\win64.o\librdi_pfi.dll
0x000007fec1790000 - 0x000007fec17d3000 	C:\Xilinx\Vivado\2015.4\lib\win64.o\librdi_hdf.dll
0x000007fec15a0000 - 0x000007fec178c000 	C:\Xilinx\Vivado\2015.4\lib\win64.o\librdi_hsm.dll
0x000007fec1550000 - 0x000007fec159d000 	C:\Xilinx\Vivado\2015.4\lib\win64.o\librdi_projectbase.dll

VM Arguments:
jvm_args: -Dsun.java2d.pmoffscreen=false -Dsun.java2d.d3d=false -Dsun.awt.nopixfmt=true -Xverify:none -Dswing.aatext=true -XX:-UsePerfData -Djdk.map.althashing.threshold=512 -XX:StringTableSize=4072 -XX:NewSize=60m -XX:MaxNewSize=60m -Xms128m -Xmx3072m -Xss5m 
java_command: <unknown>
java_class_path (initial): C:/Xilinx/Vivado/2015.4\lib\classes\alloy.jar;C:/Xilinx/Vivado/2015.4\lib\classes\antlr-2.7.7.jar;C:/Xilinx/Vivado/2015.4\lib\classes\batik-anim.jar;C:/Xilinx/Vivado/2015.4\lib\classes\batik-awt-util.jar;C:/Xilinx/Vivado/2015.4\lib\classes\batik-bridge.jar;C:/Xilinx/Vivado/2015.4\lib\classes\batik-codec.jar;C:/Xilinx/Vivado/2015.4\lib\classes\batik-css.jar;C:/Xilinx/Vivado/2015.4\lib\classes\batik-dom.jar;C:/Xilinx/Vivado/2015.4\lib\classes\batik-ext.jar;C:/Xilinx/Vivado/2015.4\lib\classes\batik-gui-util.jar;C:/Xilinx/Vivado/2015.4\lib\classes\batik-gvt.jar;C:/Xilinx/Vivado/2015.4\lib\classes\batik-parser.jar;C:/Xilinx/Vivado/2015.4\lib\classes\batik-script.jar;C:/Xilinx/Vivado/2015.4\lib\classes\batik-svg-dom.jar;C:/Xilinx/Vivado/2015.4\lib\classes\batik-swing.jar;C:/Xilinx/Vivado/2015.4\lib\classes\batik-transcoder.jar;C:/Xilinx/Vivado/2015.4\lib\classes\batik-util.jar;C:/Xilinx/Vivado/2015.4\lib\classes\batik-xml.jar;C:/Xilinx/Vivado/2015.4\lib\classes\commons-logging.jar;C:/Xilinx/Vivado/2015.4\lib\classes\commons-math-2.2.jar;C:/Xilinx/Vivado/2015.4\lib\classes\dom4j-1.6.1.jar;C:/Xilinx/Vivado/2015.4\lib\classes\forms.jar;C:/Xilinx/Vivado/2015.4\lib\classes\guava-18.0.jar;C:/Xilinx/Vivado/2015.4\lib\classes\hsqldb.jar;C:/Xilinx/Vivado/2015.4\lib\classes\jdom.jar;C:/Xilinx/Vivado/2015.4\lib\classes\jide-action.jar;C:/Xilinx/Vivado/2015.4\lib\classes\jide-charts.jar;C:/Xilinx/Vivado/2015.4\lib\classes\jide-common.jar;C:/Xilinx/Vivado/2015.4\lib\classes\jide-components.jar;C:/Xilinx/Vivado/2015.4\lib\classes\jide-dashboard.jar;C:/Xilinx/Vivado/2015.4\lib\classes\jide-data.jar;C:/Xilinx/Vivado/2015.4\lib\classes\jide-dialogs.jar;C:/Xilinx/Vivado/2015.4\lib\classes\jide-diff.jar;C:/Xilinx/Vivado/2015.4\lib\classes\jide-dock.jar;C:/Xilinx/Vivado/2015.4\lib\classes\jide-editor.jar;C:/Xilinx/Vivado/2015.4\lib\classes\jide-gantt.jar;C:/Xilinx/Vivado/2015.4\lib\classes\jide-grids.jar;C:/Xilinx/Vivado/2015.4\lib\classes\jide-pivot.jar;C:/Xilin
Launcher Type: generic

Environment Variables:
PATH=C:/Xilinx/Vivado/2015.4/bin;C:/Xilinx/Vivado/2015.4/lib/win64.o;C:/Xilinx/Vivado/2015.4/tps/win64/jre/bin/server;C:/Xilinx/Vivado/2015.4/tps/win64/jre/bin;C:/Xilinx/SDK/2015.4/bin;C:/Xilinx/Vivado/2015.4/ids_lite/ISE/bin/nt64;C:/Xilinx/Vivado/2015.4/ids_lite/ISE/lib/nt64;C:/Xilinx/Vivado_HLS/2015.4/bin;C:\ProgramData\Oracle\Java\javapath;C:\Windows\system32;C:\Windows;C:\Windows\System32\Wbem;C:\Windows\System32\WindowsPowerShell\v1.0\;C:\Program Files (x86)\GTK2-Runtime\lib;C:\Program Files\MATLAB\R2014a\runtime\win64;C:\Program Files\MATLAB\R2014a\bin;C:\XilinxISE6\bin\nt;C:\modeltech64_10.3b\win64;C:\Program Files (x86)\Windows Kits\8.1\Windows Performance Toolkit\;C:\Program Files\Microsoft SQL Server\110\Tools\Binn\;C:\Program Files (x86)\IVI Foundation\VISA\WinNT\Bin\;C:\Program Files\IVI Foundation\VISA\Win64\Bin\;C:\synopsys\Hspice_I-2013.12-SP2-1\WIN64
USERNAME=ee-student
OS=Windows_NT
PROCESSOR_IDENTIFIER=Intel64 Family 6 Model 60 Stepping 3, GenuineIntel



---------------  S Y S T E M  ---------------

OS: Windows 7 , 64 bit Build 7601 (6.1.7601.23915)

CPU:total 8 (4 cores per cpu, 2 threads per core) family 6 model 60 stepping 3, cmov, cx8, fxsr, mmx, sse, sse2, sse3, ssse3, sse4.1, sse4.2, popcnt, avx, avx2, aes, clmul, erms, lzcnt, ht, tsc, tscinvbit, bmi1, bmi2

Memory: 4k page, physical 16717880k(11768420k free), swap 33433900k(28346176k free)

vm_info: Java HotSpot(TM) 64-Bit Server VM (25.45-b02) for windows-amd64 JRE (1.8.0_45-b15), built on Apr 30 2015 12:40:44 by "java_re" with MS VC++ 10.0 (VS2010)

time: Wed Oct 18 11:45:04 2017
elapsed time: 2647 seconds (0d 0h 44m 7s)

