#-----------------------------------------------------------
# Vivado v2015.4 (64-bit)
# SW Build 1412921 on Wed Nov 18 09:43:45 MST 2015
# IP Build 1412160 on Tue Nov 17 13:47:24 MST 2015
# Start of session at: Wed Nov 08 11:39:48 2017
# Process ID: 72384
# Current directory: D:/project_3
# Command line: vivado.exe -gui_launcher_event rodinguilauncherevent72156 D:\project_3\project_3.xpr
# Log file: D:/project_3/vivado.log
# Journal file: D:/project_3\vivado.jou
#-----------------------------------------------------------
start_gui
open_project D:/project_3/project_3.xpr
Scanning sources...
Finished scanning sources
INFO: [IP_Flow 19-234] Refreshing IP repositories
INFO: [IP_Flow 19-1704] No user IP repositories specified
INFO: [IP_Flow 19-2313] Loaded Vivado IP repository 'C:/Xilinx/Vivado/2015.4/data/ip'.
open_project: Time (s): cpu = 00:00:10 ; elapsed = 00:00:13 . Memory (MB): peak = 815.645 ; gain = 211.477
exit
INFO: [Common 17-206] Exiting Vivado at Wed Nov 08 11:40:36 2017...
