#-----------------------------------------------------------
# Vivado v2016.3 (64-bit)
# SW Build 1682563 on Mon Oct 10 19:07:27 MDT 2016
# IP Build 1681267 on Mon Oct 10 21:28:31 MDT 2016
# Start of session at: Wed Jan 30 15:41:55 2019
# Process ID: 9412
# Current directory: D:/project_3
# Command line: vivado.exe -gui_launcher_event rodinguilauncherevent4104 D:\project_3\project_3.xpr
# Log file: D:/project_3/vivado.log
# Journal file: D:/project_3\vivado.jou
#-----------------------------------------------------------
start_gui
open_project -read_only D:/project_3/project_3.xpr
Scanning sources...
Finished scanning sources
WARNING: [Project 1-229] Project 'project_3.xpr' is read-only and therefore could not be upgraded for this version of Vivado.  Use 'File | Save Project As...' if you wish to save an upgraded copy.
INFO: [IP_Flow 19-234] Refreshing IP repositories
INFO: [IP_Flow 19-1704] No user IP repositories specified
INFO: [IP_Flow 19-2313] Loaded Vivado IP repository 'C:/Xilinx/Vivado/2016.3/data/ip'.
exit
INFO: [Common 17-206] Exiting Vivado at Wed Jan 30 15:50:05 2019...
