#-----------------------------------------------------------
# Vivado v2015.4 (64-bit)
# SW Build 1412921 on Wed Nov 18 09:43:45 MST 2015
# IP Build 1412160 on Tue Nov 17 13:47:24 MST 2015
# Start of session at: Wed Nov 08 11:47:29 2017
# Process ID: 73020
# Current directory: D:/project_3
# Command line: vivado.exe -gui_launcher_event rodinguilauncherevent72948 D:\project_3\project_3.xpr
# Log file: D:/project_3/vivado.log
# Journal file: D:/project_3\vivado.jou
#-----------------------------------------------------------
start_gui
open_project D:/project_3/project_3.xpr
Scanning sources...
Finished scanning sources
INFO: [IP_Flow 19-234] Refreshing IP repositories
INFO: [IP_Flow 19-1704] No user IP repositories specified
INFO: [IP_Flow 19-2313] Loaded Vivado IP repository 'C:/Xilinx/Vivado/2015.4/data/ip'.
open_project: Time (s): cpu = 00:00:11 ; elapsed = 00:00:12 . Memory (MB): peak = 814.047 ; gain = 213.801
exit
INFO: [Common 17-206] Exiting Vivado at Wed Nov 08 11:52:32 2017...
