Release 6.1.03i - xst G.26
Copyright (c) 1995-2003 Xilinx, Inc.  All rights reserved.
--> Parameter TMPDIR set to __projnav
CPU : 0.00 / 0.07 s | Elapsed : 0.00 / 0.00 s
 
--> Parameter xsthdpdir set to ./xst
CPU : 0.00 / 0.07 s | Elapsed : 0.00 / 0.00 s
 
--> Reading design: pong_graph_animate.prj

TABLE OF CONTENTS
  1) Synthesis Options Summary
  2) HDL Compilation
  3) HDL Analysis
  4) HDL Synthesis
     4.1) HDL Synthesis Report
  5) Advanced HDL Synthesis
  6) Low Level Synthesis
  7) Final Report
     7.1) Device utilization summary
     7.2) TIMING REPORT


=========================================================================
*                      Synthesis Options Summary                        *
=========================================================================
---- Source Parameters
Input File Name                    : pong_graph_animate.prj
Input Format                       : mixed
Ignore Synthesis Constraint File   : NO
Verilog Include Directory          : 

---- Target Parameters
Output File Name                   : pong_graph_animate
Output Format                      : NGC
Target Device                      : xc3s200-4-ft256

---- Source Options
Top Module Name                    : pong_graph_animate
Automatic FSM Extraction           : YES
FSM Encoding Algorithm             : Auto
FSM Style                          : lut
RAM Extraction                     : Yes
RAM Style                          : Auto
ROM Extraction                     : Yes
ROM Style                          : Auto
Mux Extraction                     : YES
Mux Style                          : Auto
Decoder Extraction                 : YES
Priority Encoder Extraction        : YES
Shift Register Extraction          : YES
Logical Shifter Extraction         : YES
XOR Collapsing                     : YES
Resource Sharing                   : YES
Multiplier Style                   : auto
Automatic Register Balancing       : No

---- Target Options
Add IO Buffers                     : YES
Global Maximum Fanout              : 500
Add Generic Clock Buffer(BUFG)     : 8
Register Duplication               : YES
Equivalent register Removal        : YES
Slice Packing                      : YES
Pack IO Registers into IOBs        : auto

---- General Options
Optimization Goal                  : Speed
Optimization Effort                : 1
Keep Hierarchy                     : NO
Global Optimization                : AllClockNets
RTL Output                         : Yes
Write Timing Constraints           : NO
Hierarchy Separator                : _
Bus Delimiter                      : <>
Case Specifier                     : maintain
Slice Utilization Ratio            : 100
Slice Utilization Ratio Delta      : 5

---- Other Options
lso                                : pong_graph_animate.lso
Read Cores                         : YES
cross_clock_analysis               : NO
verilog2001                        : YES
Optimize Instantiated Primitives   : NO

=========================================================================


=========================================================================
*                          HDL Compilation                              *
=========================================================================
Compiling source file "Zero.v"
Module <Zero_0> compiled
Compiling source file "One.v"
Module <One_1> compiled
Compiling source file "Two.v"
Module <Two_2> compiled
Compiling source file "Three.v"
Module <Three_3> compiled
Compiling source file "Four_4.v"
Module <Four_4> compiled
Compiling source file "Five.v"
Module <Five_5> compiled
Compiling source file "Six.v"
Module <Six_6> compiled
Compiling source file "Seven_7.v"
Module <Seven_7> compiled
Compiling source file "Eight.v"
Module <Eight_8> compiled
Compiling source file "Nine_9.v"
Module <Nine_9> compiled
Compiling source file "debounce.v"
Module <debounce> compiled
Compiling source file "Seven_Segment.v"
Module <Seven_Segment> compiled
Compiling source file "pong_graph_animate.v"
Module <pong_graph_animate> compiled
No errors in compilation
Analysis of file <pong_graph_animate.prj> succeeded.
 

=========================================================================
*                            HDL Analysis                               *
=========================================================================
WARNING:HDLCompilers:261 - pong_graph_animate.v line 101 Connection to output port 'Four_rgb' does not match port size
WARNING:HDLCompilers:261 - pong_graph_animate.v line 102 Connection to output port 'five_rgb' does not match port size
WARNING:HDLCompilers:261 - pong_graph_animate.v line 103 Connection to output port 'six_rgb' does not match port size
WARNING:HDLCompilers:261 - pong_graph_animate.v line 104 Connection to output port 'Seven_rgb' does not match port size
WARNING:HDLCompilers:261 - pong_graph_animate.v line 105 Connection to output port 'eight_rgb' does not match port size
WARNING:HDLCompilers:261 - pong_graph_animate.v line 106 Connection to output port 'Nine_rgb' does not match port size
Analyzing top module <pong_graph_animate>.
ERROR:Xst:899 - pong_graph_animate.v line 259: The logic for <counter> does not match a known FF or Latch template.
ERROR:Xst:899 - pong_graph_animate.v line 264: The logic for <smol> does not match a known FF or Latch template.
ERROR:Xst:899 - pong_graph_animate.v line 266: The logic for <fastboi> does not match a known FF or Latch template.
 
 
Found 3 error(s). Aborting synthesis.
--> 

Total memory usage is 103224 kilobytes


