#-----------------------------------------------------------
# Vivado v2015.4 (64-bit)
# SW Build 1412921 on Wed Nov 18 09:43:45 MST 2015
# IP Build 1412160 on Tue Nov 17 13:47:24 MST 2015
# Start of session at: Sat Dec 09 14:23:39 2017
# Process ID: 2828
# Current directory: E:/project_6/project_6
# Command line: vivado.exe -gui_launcher_event rodinguilauncherevent10548 E:\project_6\project_6\project_1.xpr
# Log file: E:/project_6/project_6/vivado.log
# Journal file: E:/project_6/project_6\vivado.jou
#-----------------------------------------------------------
start_gui
open_project E:/project_6/project_6/project_1.xpr
CRITICAL WARNING: [Project 1-19] Could not find the file 'C:/Users/ee-student/Desktop/Nexys4DDR_Master.xdc'.
Scanning sources...
Finished scanning sources
CRITICAL WARNING: [Project 1-532] XML ERROR: Project Option CompiledLibDirXSim has no valid value
CRITICAL WARNING: [Project 1-505] Unrecognized Option Name CompiledLibDirXcelium
WARNING: [filemgmt 56-3] IPUserFilesDir: Could not find the directory '$PIPUSERFILESDIR'.
WARNING: [filemgmt 56-3] IPStaticSourceDir: Could not find the directory '$PIPUSERFILESDIR/ipstatic'.
CRITICAL WARNING: [Project 1-505] Unrecognized Option Name DSAVendor
CRITICAL WARNING: [Project 1-505] Unrecognized Option Name DSANumComputeUnits
CRITICAL WARNING: [Project 1-505] Unrecognized Option Name WTXSimLaunchSim
CRITICAL WARNING: [Project 1-505] Unrecognized Option Name WTModelSimLaunchSim
CRITICAL WARNING: [Project 1-505] Unrecognized Option Name WTQuestaLaunchSim
CRITICAL WARNING: [Project 1-505] Unrecognized Option Name WTIesLaunchSim
CRITICAL WARNING: [Project 1-505] Unrecognized Option Name WTVcsLaunchSim
CRITICAL WARNING: [Project 1-505] Unrecognized Option Name WTRivieraLaunchSim
CRITICAL WARNING: [Project 1-505] Unrecognized Option Name WTActivehdlLaunchSim
CRITICAL WARNING: [Project 1-505] Unrecognized Option Name WTXSimExportSim
CRITICAL WARNING: [Project 1-505] Unrecognized Option Name WTModelSimExportSim
CRITICAL WARNING: [Project 1-505] Unrecognized Option Name WTQuestaExportSim
CRITICAL WARNING: [Project 1-505] Unrecognized Option Name WTIesExportSim
CRITICAL WARNING: [Project 1-505] Unrecognized Option Name WTVcsExportSim
CRITICAL WARNING: [Project 1-505] Unrecognized Option Name WTRivieraExportSim
CRITICAL WARNING: [Project 1-505] Unrecognized Option Name WTActivehdlExportSim
CRITICAL WARNING: [Project 1-505] Unrecognized Option Name GenerateIPUpgradeLog
CRITICAL WARNING: [Project 1-505] Unrecognized Option Name XSimRadix
CRITICAL WARNING: [Project 1-505] Unrecognized Option Name XSimTimeUnit
CRITICAL WARNING: [Project 1-505] Unrecognized Option Name XSimArrayDisplayLimit
CRITICAL WARNING: [Project 1-505] Unrecognized Option Name XSimTraceLimit
CRITICAL WARNING: [Project 1-505] Unrecognized Option Name SimTypes
WARNING: [Project 1-231] Project 'project_1.xpr' was created with a future version and may or may not perform reliably with this version of Vivado. It has been opened in read-only mode for the protection of unrecognized data. Use 'File | Save Project As...' if you wish to alter a copy of the project.
INFO: [IP_Flow 19-234] Refreshing IP repositories
INFO: [IP_Flow 19-1704] No user IP repositories specified
INFO: [IP_Flow 19-2313] Loaded Vivado IP repository 'D:/Vivado/2015.4/data/ip'.
project_1
exit
INFO: [Common 17-206] Exiting Vivado at Sat Dec 09 14:24:00 2017...
