#-----------------------------------------------------------
# Vivado v2016.3 (64-bit)
# SW Build 1682563 on Mon Oct 10 19:07:27 MDT 2016
# IP Build 1681267 on Mon Oct 10 21:28:31 MDT 2016
# Start of session at: Mon Feb 11 14:52:15 2019
# Process ID: 96
# Current directory: D:/EGCP 281/project_6
# Command line: vivado.exe -gui_launcher_event rodinguilauncherevent7776 D:\EGCP 281\project_6\project_1.xpr
# Log file: D:/EGCP 281/project_6/vivado.log
# Journal file: D:/EGCP 281/project_6\vivado.jou
#-----------------------------------------------------------
start_gui
open_project -read_only {D:/EGCP 281/project_6/project_1.xpr}
INFO: [Project 1-313] Project file moved from 'E:/project_6' since last save.
CRITICAL WARNING: [Project 1-311] Could not find the file 'D:/project_5/project_5/project_5.srcs/sources_1/new/Clock_Divider.vhd', nor could it be found using path 'E:/../project_5/project_5/project_5.srcs/sources_1/new/Clock_Divider.vhd'.
CRITICAL WARNING: [Project 1-311] Could not find the file 'D:/project_3/project_3.srcs/sources_1/new/7dd_d.vhd', nor could it be found using path 'E:/../project_3/project_3.srcs/sources_1/new/7dd_d.vhd'.
CRITICAL WARNING: [Project 1-311] Could not find the file 'D:/../../ee-student/Desktop/Nexys4DDR_Master.xdc', nor could it be found using path 'E:/../../../ee-student/Desktop/Nexys4DDR_Master.xdc'.
Scanning sources...
Finished scanning sources
WARNING: [Project 1-229] Project 'project_1.xpr' is read-only and therefore could not be upgraded for this version of Vivado.  Use 'File | Save Project As...' if you wish to save an upgraded copy.
INFO: [IP_Flow 19-234] Refreshing IP repositories
INFO: [IP_Flow 19-1704] No user IP repositories specified
INFO: [IP_Flow 19-2313] Loaded Vivado IP repository 'C:/Xilinx/Vivado/2016.3/data/ip'.
open_project: Time (s): cpu = 00:00:07 ; elapsed = 00:00:07 . Memory (MB): peak = 764.527 ; gain = 114.445
exit
INFO: [Common 17-206] Exiting Vivado at Mon Feb 11 14:53:04 2019...
