#-----------------------------------------------------------
# Vivado v2016.3 (64-bit)
# SW Build 1682563 on Mon Oct 10 19:07:27 MDT 2016
# IP Build 1681267 on Mon Oct 10 21:28:31 MDT 2016
# Start of session at: Wed Feb 06 16:26:11 2019
# Process ID: 2628
# Current directory: D:/EGCP 281/project_5/project_5
# Command line: vivado.exe -gui_launcher_event rodinguilauncherevent1436 D:\EGCP 281\project_5\project_5\project_5.xpr
# Log file: D:/EGCP 281/project_5/project_5/vivado.log
# Journal file: D:/EGCP 281/project_5/project_5\vivado.jou
#-----------------------------------------------------------
start_gui
open_project -read_only {D:/EGCP 281/project_5/project_5/project_5.xpr}
INFO: [Project 1-313] Project file moved from 'E:/project_5/project_5' since last save.
CRITICAL WARNING: [Project 1-19] Could not find the file 'C:/Users/ee-student/Desktop/Nexys4DDR_Master.xdc'.
Scanning sources...
Finished scanning sources
WARNING: [Project 1-229] Project 'project_5.xpr' is read-only and therefore could not be upgraded for this version of Vivado.  Use 'File | Save Project As...' if you wish to save an upgraded copy.
INFO: [IP_Flow 19-234] Refreshing IP repositories
INFO: [IP_Flow 19-1704] No user IP repositories specified
INFO: [IP_Flow 19-2313] Loaded Vivado IP repository 'C:/Xilinx/Vivado/2016.3/data/ip'.
open_project: Time (s): cpu = 00:00:06 ; elapsed = 00:00:05 . Memory (MB): peak = 748.246 ; gain = 124.066
exit
INFO: [Common 17-206] Exiting Vivado at Wed Feb 06 16:27:31 2019...
