#-----------------------------------------------------------
# Vivado v2015.4 (64-bit)
# SW Build 1412921 on Wed Nov 18 09:43:45 MST 2015
# IP Build 1412160 on Tue Nov 17 13:47:24 MST 2015
# Start of session at: Sat Dec 09 16:55:10 2017
# Process ID: 11044
# Current directory: E:/project_5/project_5
# Command line: vivado.exe -gui_launcher_event rodinguilauncherevent9512 E:\project_5\project_5\project_5.xpr
# Log file: E:/project_5/project_5/vivado.log
# Journal file: E:/project_5/project_5\vivado.jou
#-----------------------------------------------------------
start_gui
open_project E:/project_5/project_5/project_5.xpr
INFO: [Project 1-313] Project file moved from 'D:/project_5/project_5' since last save.
CRITICAL WARNING: [Project 1-19] Could not find the file 'C:/Users/ee-student/Desktop/Nexys4DDR_Master.xdc'.
Scanning sources...
Finished scanning sources
INFO: [IP_Flow 19-234] Refreshing IP repositories
INFO: [IP_Flow 19-1704] No user IP repositories specified
INFO: [IP_Flow 19-2313] Loaded Vivado IP repository 'D:/Vivado/2015.4/data/ip'.
open_project: Time (s): cpu = 00:00:10 ; elapsed = 00:00:11 . Memory (MB): peak = 792.648 ; gain = 236.398
exit
INFO: [Common 17-206] Exiting Vivado at Sat Dec 09 17:05:46 2017...
