# Xilinx CORE Generator 6.1.03i
# User = ee-student
Initializing default project...
Loading plug-ins...
All runtime messages will be recorded in E:\EGCP446\Lab_6\coregen.log
NEWPROJECT .
SETPROJECT .
# busformat=BusFormatAngleBracketNotRipped
# designflow=VHDL
# expandedprojectpath=E:\EGCP446\Lab_6
# flowvendor=Foundation_iSE
# formalverification=None
# simulationoutputproducts=VHDL
# xilinxfamily=Virtex2
# outputoption=DesignFlow
# overwritefiles=Default
# simvendor=ModelSim
# expandedprojectpath=E:\EGCP446\Lab_6
Set current Project to E:\EGCP446\Lab_6
SET BusFormat = BusFormatAngleBracketNotRipped
SETXIPCPORTHOST 57075
XIPCPJSENDCORES spartan3
