--------------------------------------------------------------------------------
Release 6.1.03i Trace G.26
Copyright (c) 1995-2003 Xilinx, Inc.  All rights reserved.

C:/XilinxISE6/bin/nt/trce.exe -intstyle ise -e 3 -l 3 -xml lab_2_part_b
lab_2_part_b.ncd -o lab_2_part_b.twr lab_2_part_b.pcf


Design file:              lab_2_part_b.ncd
Physical constraint file: lab_2_part_b.pcf
Device,speed:             xc3s200,-4 (PREVIEW 1.27 2003-11-04)
Report level:             error report

Environment Variable      Effect 
--------------------      ------ 
NONE                      No environment variables were set
--------------------------------------------------------------------------------

INFO:Timing:2698 - No timing constraints found, doing default enumeration.
INFO:Timing:2752 - To get complete path coverage, use the unconstrained paths
   option. All paths that are not constrained will be reported in the
   unconstrained paths section(s) of the report.


Data Sheet report:
-----------------
All values displayed in nanoseconds (ns)

Clock clk to Pad
------------+------------+------------------+--------+
            | clk (edge) |                  |  Clock |
Destination | to PAD     |Internal Clock(s) |  Phase |
------------+------------+------------------+--------+
r1_reg<0>   |   10.031(R)|clk_BUFGP         |   0.000|
r1_reg<1>   |    9.461(R)|clk_BUFGP         |   0.000|
r1_reg<2>   |    9.938(R)|clk_BUFGP         |   0.000|
r1_reg<3>   |    9.506(R)|clk_BUFGP         |   0.000|
r1_reg<4>   |    9.729(R)|clk_BUFGP         |   0.000|
r1_reg<5>   |   10.085(R)|clk_BUFGP         |   0.000|
r1_reg<6>   |    9.867(R)|clk_BUFGP         |   0.000|
r1_reg<7>   |    9.886(R)|clk_BUFGP         |   0.000|
------------+------------+------------------+--------+

Clock to Setup on destination clock clk
---------------+---------+---------+---------+---------+
               | Src:Rise| Src:Fall| Src:Rise| Src:Fall|
Source Clock   |Dest:Rise|Dest:Rise|Dest:Fall|Dest:Fall|
---------------+---------+---------+---------+---------+
clk            |   10.243|         |         |         |
---------------+---------+---------+---------+---------+

Analysis completed Mon Feb 18 16:09:32 2019
--------------------------------------------------------------------------------

Peak Memory Usage: 88 MB
