# Xilinx CORE Generator 6.1.03i
# User = ee-student
Initializing default project...
Loading plug-ins...
All runtime messages will be recorded in E:\EGCP447\Assignment2\Assignment2\Assignment2\coregen.log
# busformat=BusFormatAngleBracketNotRipped
# designflow=VHDL
# expandedprojectpath=E:\EGCP447\Assignment2\Assignment2\Assignment2
# flowvendor=Foundation_iSE
# formalverification=None
# simulationoutputproducts=VHDL
# xilinxfamily=Virtex2
# outputoption=DesignFlow
# overwritefiles=Default
# simvendor=ModelSim
# expandedprojectpath=E:\EGCP447\Assignment2\Assignment2\Assignment2
SETPROJECT .
Set current Project to E:\EGCP447\Assignment2\Assignment2\Assignment2
SET BusFormat = BusFormatAngleBracketNotRipped
SETXIPCPORTHOST 63596
XIPCPJSENDCORES spartan3
